{"id"=>0, "fb_id"=>"130559060754733", "fb_name"=>"Dick Aladjaiaiidga Alisonescu"}
{"id"=>1, "fb_id"=>"131036157373897", "fb_name"=>"Dave Aladjbedjidgg Bharambeescu"}
{"id"=>2, "fb_id"=>"129916347486339", "fb_name"=>"Ruth Aladjcibcijgf Sharpesen"}
{"id"=>3, "fb_id"=>"106867549796766", "fb_name"=>"Elizabeth Aladbjefcegic Liangson"}
{"id"=>4, "fb_id"=>"103982660086723", "fb_name"=>"Sandra Aladbdifgcefc Alisonsky"}
[{"id"=>0, "fb_id"=>"130559060754733", "fb_name"=>"Dick Aladjaiaiidga Alisonescu"}, {"id"=>1, "fb_id"=>"131036157373897", "fb_name"=>"Dave Aladjbedjidgg Bharambeescu"}, {"id"=>2, "fb_id"=>"129916347486339", "fb_name"=>"Ruth Aladjcibcijgf Sharpesen"}, {"id"=>3, "fb_id"=>"106867549796766", "fb_name"=>"Elizabeth Aladbjefcegic Liangson"}, {"id"=>4, "fb_id"=>"103982660086723", "fb_name"=>"Sandra Aladbdifgcefc Alisonsky"}]
kkk
130559060754733 x 130559060754733\
[{"id"=>0, "fb_id"=>"130559060754733", "fb_name"=>"Dick Aladjaiaiidga Alisonescu"}, {"id"=>1, "fb_id"=>"131036157373897", "fb_name"=>"Dave Aladjbedjidgg Bharambeescu"}, {"id"=>2, "fb_id"=>"129916347486339", "fb_name"=>"Ruth Aladjcibcijgf Sharpesen"}, {"id"=>3, "fb_id"=>"106867549796766", "fb_name"=>"Elizabeth Aladbjefcegic Liangson"}, {"id"=>4, "fb_id"=>"103982660086723", "fb_name"=>"Sandra Aladbdifgcefc Alisonsky"}]
kkk
131036157373897 x 130559060754733\
[{"id"=>0, "fb_id"=>"130559060754733", "fb_name"=>"Dick Aladjaiaiidga Alisonescu"}, {"id"=>1, "fb_id"=>"131036157373897", "fb_name"=>"Dave Aladjbedjidgg Bharambeescu"}, {"id"=>2, "fb_id"=>"129916347486339", "fb_name"=>"Ruth Aladjcibcijgf Sharpesen"}, {"id"=>3, "fb_id"=>"106867549796766", "fb_name"=>"Elizabeth Aladbjefcegic Liangson"}, {"id"=>4, "fb_id"=>"103982660086723", "fb_name"=>"Sandra Aladbdifgcefc Alisonsky"}]
kkk
106867549796766 x 130559060754733\



|||||


[{"id"=>0, "fb_id"=>"130559060754733", "fb_name"=>"Dick Aladjaiaiidga Alisonescu"}, {"id"=>1, "fb_id"=>"131036157373897", "fb_name"=>"Dave Aladjbedjidgg Bharambeescu"}, {"id"=>2, "fb_id"=>"129916347486339", "fb_name"=>"Ruth Aladjcibcijgf Sharpesen"}, {"id"=>3, "fb_id"=>"106867549796766", "fb_name"=>"Elizabeth Aladbjefcegic Liangson"}, {"id"=>4, "fb_id"=>"103982660086723", "fb_name"=>"Sandra Aladbdifgcefc Alisonsky"}]
kkk
129916347486339 x 130559060754733\
[{"id"=>0, "fb_id"=>"130559060754733", "fb_name"=>"Dick Aladjaiaiidga Alisonescu"}, {"id"=>1, "fb_id"=>"131036157373897", "fb_name"=>"Dave Aladjbedjidgg Bharambeescu"}, {"id"=>2, "fb_id"=>"129916347486339", "fb_name"=>"Ruth Aladjcibcijgf Sharpesen"}, {"id"=>3, "fb_id"=>"106867549796766", "fb_name"=>"Elizabeth Aladbjefcegic Liangson"}, {"id"=>4, "fb_id"=>"103982660086723", "fb_name"=>"Sandra Aladbdifgcefc Alisonsky"}]
kkk
106867549796766 x 130559060754733\
[{"id"=>0, "fb_id"=>"130559060754733", "fb_name"=>"Dick Aladjaiaiidga Alisonescu"}, {"id"=>1, "fb_id"=>"131036157373897", "fb_name"=>"Dave Aladjbedjidgg Bharambeescu"}, {"id"=>2, "fb_id"=>"129916347486339", "fb_name"=>"Ruth Aladjcibcijgf Sharpesen"}, {"id"=>3, "fb_id"=>"106867549796766", "fb_name"=>"Elizabeth Aladbjefcegic Liangson"}, {"id"=>4, "fb_id"=>"103982660086723", "fb_name"=>"Sandra Aladbdifgcefc Alisonsky"}]
kkk
131036157373897 x 130559060754733\



|||||


[{"id"=>0, "fb_id"=>"130559060754733", "fb_name"=>"Dick Aladjaiaiidga Alisonescu"}, {"id"=>1, "fb_id"=>"131036157373897", "fb_name"=>"Dave Aladjbedjidgg Bharambeescu"}, {"id"=>2, "fb_id"=>"129916347486339", "fb_name"=>"Ruth Aladjcibcijgf Sharpesen"}, {"id"=>3, "fb_id"=>"106867549796766", "fb_name"=>"Elizabeth Aladbjefcegic Liangson"}, {"id"=>4, "fb_id"=>"103982660086723", "fb_name"=>"Sandra Aladbdifgcefc Alisonsky"}]
kkk
103982660086723 x 130559060754733\
_---_
0 0 0 0 0 
0 0 0 0 0 
0 0 0 0 0 
0 0 0 0 0 
0 0 0 0 0 
